13:55:44.618 [main] INFO  resources.base - Change password heading is present on Change Password Page
13:55:56.524 [main] INFO  resources.base - User has clicked on the Catalog Restrictions link from the left navigation menu
13:55:56.555 [main] INFO  resources.base - Catalog Restrictions heading is present on Catalog Page
13:56:08.914 [main] INFO  resources.base - User has clicked on the Domain link from the left navigation menu
13:56:08.978 [main] INFO  resources.base - Manage Domains heading is present on Domain Page
13:56:11.114 [main] INFO  resources.base - User has clicked on the Account menu from the Shop Page
13:56:26.850 [main] INFO  resources.base - User has clicked on the Address of Use Link from the Account Menu
13:56:31.885 [main] INFO  resources.base - Address of Use heading is present on the Address Page
13:56:37.025 [main] INFO  resources.base - User has clicked on the Account menu from the Shop Page
13:56:52.791 [main] INFO  resources.base - User has clicked on the users Link from the Account Menu
13:56:57.916 [main] INFO  resources.base - Tabs are appearing on the Users Page
13:57:00.308 [main] INFO  resources.base - User has clicked on the request tab on the users page
13:57:00.327 [main] INFO  resources.base - After clicking on request tab, the request tab becomes active
13:57:02.592 [main] INFO  resources.base - User has clicked on the Invites tab on the users page
13:57:02.629 [main] INFO  resources.base - After clicking on Invites tab, the Invites tab becomes active
13:57:04.780 [main] INFO  resources.base - User has clicked on the Account menu from the Shop Page
13:57:07.702 [main] INFO  resources.base - User has clicked on the Logout Page from the Account Menu
13:57:08.323 [main] INFO  resources.base - User has clicked on the Forget Password Link from the Login Page
13:57:13.415 [main] INFO  resources.base - Email textbox is present on the Forget password page
13:57:17.174 [main] INFO  resources.base - User has clicked on the submit button on the forget password Page
13:57:17.208 [main] INFO  resources.base - Once the User click on Submit button then the validation message is appearing
13:57:34.615 [main] INFO  resources.base - User Clicked on Create Account Link from the Login Page
13:57:34.615 [main] INFO  resources.base - Signup Page is opended and its title is being captured
13:57:34.669 [main] INFO  resources.base - Email Text Box is present on the Signup Page
13:57:34.927 [main] INFO  resources.base - Verify button is present on the Signup Page and user has clicked on it
13:57:34.949 [main] INFO  resources.base - Once the User pressed the Verify button , Validation message is appearing on the Signup Page
15:04:08.040 [main] INFO  resources.base - The title of the home page is captured
15:04:08.147 [main] INFO  resources.base - The title of the Shop page is Verified Successfully
15:04:13.068 [main] INFO  resources.base - From the Home Page User has Clicked on MarkITPlace tab
15:04:13.068 [main] INFO  resources.base - User has routed to the Shop Page after clicking on MarketPlace link
15:04:20.655 [main] INFO  resources.base - User has Clicked on the Manage tab from the Home Dashboard
15:04:20.655 [main] INFO  resources.base - user has routed to the Manage Page after clicking on the manage Tab
15:04:20.655 [main] INFO  resources.base - User has Successfully nevigated to the manage Page
15:04:20.706 [main] INFO  resources.base - Billing & invoice link is present on the Manage Page
15:04:20.728 [main] INFO  resources.base - Calendar link is present on the Manage Page
15:04:20.751 [main] INFO  resources.base - Subscription link is present on the Manage Page
15:04:25.064 [main] INFO  resources.base - User has clicked on the Insight tab from the Home Page
15:04:25.064 [main] INFO  resources.base - After clicking on the Insight Tab from the Home page , User have successfully nevigate to the Insight Page
15:04:25.085 [main] INFO  resources.base - Dashboard Link is present on the Insight Page
15:04:25.113 [main] INFO  resources.base - Report Link is present on the Insight Page
15:04:39.085 [main] INFO  resources.base - User has clicked on the notification link from the Home Page
15:04:39.085 [main] INFO  resources.base - User has routed to the Notification page after clicking on the notification link
15:04:39.111 [main] INFO  resources.base - Notification heading is present on the Notifications page
15:04:39.131 [main] INFO  resources.base - All Notification tab is present on the Notifications page
15:04:39.153 [main] INFO  resources.base - Flagged tab is present on the Notifications page
15:04:45.383 [main] INFO  resources.base - User has clicked on the Logo from the Notification Page
15:04:45.383 [main] INFO  resources.base - After clicking on logo, user has roue to the Homepage
15:04:47.690 [main] INFO  resources.base - User has clicked on the Account menu from the Shop Page
15:05:04.229 [main] INFO  resources.base - User has clicked on the My Profile Page from the Account Menu
15:05:04.382 [main] INFO  resources.base - My Profile heading is present on My Profile Page
15:05:25.029 [main] INFO  resources.base - User has clicked on the Edit Profile button on My Profile Page
15:05:25.129 [main] INFO  resources.base - Edit profile heading is present on the Edit profile page
15:05:27.325 [main] INFO  resources.base - User has clicked on the Account menu from the Shop Page
15:05:47.847 [main] INFO  resources.base - User has clicked on the Change Password Link from the Account Menu
15:05:47.935 [main] INFO  resources.base - Change password heading is present on Change Password Page
15:06:01.706 [main] INFO  resources.base - User has clicked on the Catalog Restrictions link from the left navigation menu
15:06:01.842 [main] INFO  resources.base - Catalog Restrictions heading is present on Catalog Page
15:06:19.755 [main] INFO  resources.base - User has clicked on the Domain link from the left navigation menu
15:06:19.801 [main] INFO  resources.base - Manage Domains heading is present on Domain Page
15:06:21.994 [main] INFO  resources.base - User has clicked on the Account menu from the Shop Page
15:06:43.883 [main] INFO  resources.base - User has clicked on the Address of Use Link from the Account Menu
15:06:48.983 [main] INFO  resources.base - Address of Use heading is present on the Address Page
15:06:54.164 [main] INFO  resources.base - User has clicked on the Account menu from the Shop Page
15:07:11.826 [main] INFO  resources.base - User has clicked on the users Link from the Account Menu
15:07:16.888 [main] INFO  resources.base - Tabs are appearing on the Users Page
15:07:19.201 [main] INFO  resources.base - User has clicked on the request tab on the users page
15:07:19.229 [main] INFO  resources.base - After clicking on request tab, the request tab becomes active
15:07:21.580 [main] INFO  resources.base - User has clicked on the Invites tab on the users page
15:07:21.632 [main] INFO  resources.base - After clicking on Invites tab, the Invites tab becomes active
15:07:23.835 [main] INFO  resources.base - User has clicked on the Account menu from the Shop Page
15:07:26.672 [main] INFO  resources.base - User has clicked on the Logout Page from the Account Menu
15:07:27.288 [main] INFO  resources.base - User has clicked on the Forget Password Link from the Login Page
15:07:32.359 [main] INFO  resources.base - Email textbox is present on the Forget password page
15:07:36.129 [main] INFO  resources.base - User has clicked on the submit button on the forget password Page
15:07:36.155 [main] INFO  resources.base - Once the User click on Submit button then the validation message is appearing
15:07:52.640 [main] INFO  resources.base - User Clicked on Create Account Link from the Login Page
15:07:52.640 [main] INFO  resources.base - Signup Page is opended and its title is being captured
15:07:52.662 [main] INFO  resources.base - Email Text Box is present on the Signup Page
15:07:52.954 [main] INFO  resources.base - Verify button is present on the Signup Page and user has clicked on it
15:07:52.979 [main] INFO  resources.base - Once the User pressed the Verify button , Validation message is appearing on the Signup Page
15:45:47.192 [main] INFO  resources.base - The title of the home page is captured
15:45:47.192 [main] INFO  resources.base - The title of the Shop page is Verified Successfully
15:45:50.375 [main] INFO  resources.base - From the Home Page User has Clicked on MarkITPlace tab
15:45:50.375 [main] INFO  resources.base - User has routed to the Shop Page after clicking on MarketPlace link
15:45:58.692 [main] INFO  resources.base - User has Clicked on the Manage tab from the Home Dashboard
15:45:58.692 [main] INFO  resources.base - user has routed to the Manage Page after clicking on the manage Tab
15:45:58.692 [main] INFO  resources.base - User has Successfully nevigated to the manage Page
15:45:58.787 [main] INFO  resources.base - Billing & invoice link is present on the Manage Page
15:45:58.859 [main] INFO  resources.base - Calendar link is present on the Manage Page
15:45:58.877 [main] INFO  resources.base - Subscription link is present on the Manage Page
15:46:02.769 [main] INFO  resources.base - User has clicked on the Insight tab from the Home Page
15:46:02.769 [main] INFO  resources.base - After clicking on the Insight Tab from the Home page , User have successfully nevigate to the Insight Page
15:46:02.807 [main] INFO  resources.base - Dashboard Link is present on the Insight Page
15:46:02.826 [main] INFO  resources.base - Report Link is present on the Insight Page
15:20:30.590 [main] INFO  resources.base - User has clicked on the notification link from the Home Page
15:20:30.590 [main] INFO  resources.base - User has routed to the Notification page after clicking on the notification link
15:20:30.614 [main] INFO  resources.base - Notification heading is present on the Notifications page
15:20:30.641 [main] INFO  resources.base - All Notification tab is present on the Notifications page
15:20:30.660 [main] INFO  resources.base - Flagged tab is present on the Notifications page
15:20:36.756 [main] INFO  resources.base - User has clicked on the Logo from the Notification Page
15:20:36.778 [main] INFO  resources.base - After clicking on logo, user has roue to the Homepage
15:20:39.081 [main] INFO  resources.base - User has clicked on the Account menu from the Shop Page
15:20:53.557 [main] INFO  resources.base - User has clicked on the My Profile Page from the Account Menu
15:20:53.811 [main] INFO  resources.base - My Profile heading is present on My Profile Page
15:21:08.545 [main] INFO  resources.base - User has clicked on the Edit Profile button on My Profile Page
15:21:08.663 [main] INFO  resources.base - Edit profile heading is present on the Edit profile page
15:21:10.828 [main] INFO  resources.base - User has clicked on the Account menu from the Shop Page
15:21:25.770 [main] INFO  resources.base - User has clicked on the Change Password Link from the Account Menu
15:21:25.895 [main] INFO  resources.base - Change password heading is present on Change Password Page
15:21:38.949 [main] INFO  resources.base - User has clicked on the Catalog Restrictions link from the left navigation menu
15:21:39.057 [main] INFO  resources.base - Catalog Restrictions heading is present on Catalog Page
15:21:51.812 [main] INFO  resources.base - User has clicked on the Domain link from the left navigation menu
15:21:51.986 [main] INFO  resources.base - Manage Domains heading is present on Domain Page
15:21:54.162 [main] INFO  resources.base - User has clicked on the Account menu from the Shop Page
15:22:08.258 [main] INFO  resources.base - User has clicked on the Address of Use Link from the Account Menu
15:22:13.369 [main] INFO  resources.base - Address of Use heading is present on the Address Page
15:22:18.548 [main] INFO  resources.base - User has clicked on the Account menu from the Shop Page
15:22:33.142 [main] INFO  resources.base - User has clicked on the users Link from the Account Menu
15:22:38.232 [main] INFO  resources.base - Tabs are appearing on the Users Page
15:22:40.557 [main] INFO  resources.base - User has clicked on the request tab on the users page
15:22:40.608 [main] INFO  resources.base - After clicking on request tab, the request tab becomes active
15:22:42.945 [main] INFO  resources.base - User has clicked on the Invites tab on the users page
15:22:42.991 [main] INFO  resources.base - After clicking on Invites tab, the Invites tab becomes active
15:22:45.167 [main] INFO  resources.base - User has clicked on the Account menu from the Shop Page
15:22:47.947 [main] INFO  resources.base - User has clicked on the Logout Page from the Account Menu
15:22:48.376 [main] INFO  resources.base - User has clicked on the Forget Password Link from the Login Page
15:22:53.434 [main] INFO  resources.base - Email textbox is present on the Forget password page
15:22:57.138 [main] INFO  resources.base - User has clicked on the submit button on the forget password Page
15:22:57.194 [main] INFO  resources.base - Once the User click on Submit button then the validation message is appearing
15:23:09.683 [main] INFO  resources.base - User Clicked on Create Account Link from the Login Page
15:23:09.683 [main] INFO  resources.base - Signup Page is opended and its title is being captured
15:23:09.738 [main] INFO  resources.base - Email Text Box is present on the Signup Page
15:23:10.035 [main] INFO  resources.base - Verify button is present on the Signup Page and user has clicked on it
15:23:10.060 [main] INFO  resources.base - Once the User pressed the Verify button , Validation message is appearing on the Signup Page
08:09:28.016 [main] INFO  resources.base - The title of the home page is captured
08:09:28.016 [main] INFO  resources.base - The title of the Shop page is Verified Successfully
08:09:31.434 [main] INFO  resources.base - From the Home Page User has Clicked on MarkITPlace tab
08:09:31.434 [main] INFO  resources.base - User has routed to the Shop Page after clicking on MarketPlace link
08:10:11.047 [main] INFO  resources.base - User has Clicked on the Manage tab from the Home Dashboard
08:10:11.047 [main] INFO  resources.base - user has routed to the Manage Page after clicking on the manage Tab
08:10:11.047 [main] INFO  resources.base - User has Successfully nevigated to the manage Page
08:10:11.103 [main] INFO  resources.base - Billing & invoice link is present on the Manage Page
08:10:11.126 [main] INFO  resources.base - Calendar link is present on the Manage Page
08:10:11.152 [main] INFO  resources.base - Subscription link is present on the Manage Page
08:10:17.029 [main] INFO  resources.base - User has clicked on the Insight tab from the Home Page
08:10:17.029 [main] INFO  resources.base - After clicking on the Insight Tab from the Home page , User have successfully nevigate to the Insight Page
08:10:17.098 [main] INFO  resources.base - Dashboard Link is present on the Insight Page
08:10:17.125 [main] INFO  resources.base - Report Link is present on the Insight Page
08:10:32.919 [main] INFO  resources.base - User has clicked on the notification link from the Home Page
08:10:32.919 [main] INFO  resources.base - User has routed to the Notification page after clicking on the notification link
08:10:32.973 [main] INFO  resources.base - Notification heading is present on the Notifications page
08:10:32.996 [main] INFO  resources.base - All Notification tab is present on the Notifications page
08:10:33.019 [main] INFO  resources.base - Flagged tab is present on the Notifications page
08:10:39.106 [main] INFO  resources.base - User has clicked on the Logo from the Notification Page
08:10:39.106 [main] INFO  resources.base - After clicking on logo, user has roue to the Homepage
08:10:41.335 [main] INFO  resources.base - User has clicked on the Account menu from the Shop Page
08:11:01.501 [main] INFO  resources.base - User has clicked on the My Profile Page from the Account Menu
08:11:01.662 [main] INFO  resources.base - My Profile heading is present on My Profile Page
08:11:24.673 [main] INFO  resources.base - User has clicked on the Edit Profile button on My Profile Page
08:11:24.788 [main] INFO  resources.base - Edit profile heading is present on the Edit profile page
08:11:27.003 [main] INFO  resources.base - User has clicked on the Account menu from the Shop Page
08:11:43.945 [main] INFO  resources.base - User has clicked on the Change Password Link from the Account Menu
08:11:44.040 [main] INFO  resources.base - Change password heading is present on Change Password Page
08:11:55.988 [main] INFO  resources.base - User has clicked on the Catalog Restrictions link from the left navigation menu
08:11:56.098 [main] INFO  resources.base - Catalog Restrictions heading is present on Catalog Page
08:12:08.734 [main] INFO  resources.base - User has clicked on the Domain link from the left navigation menu
08:12:08.835 [main] INFO  resources.base - Manage Domains heading is present on Domain Page
08:12:10.993 [main] INFO  resources.base - User has clicked on the Account menu from the Shop Page
08:12:26.135 [main] INFO  resources.base - User has clicked on the Address of Use Link from the Account Menu
08:12:31.218 [main] INFO  resources.base - Address of Use heading is present on the Address Page
08:12:36.392 [main] INFO  resources.base - User has clicked on the Account menu from the Shop Page
08:12:51.964 [main] INFO  resources.base - User has clicked on the users Link from the Account Menu
08:12:57.045 [main] INFO  resources.base - Tabs are appearing on the Users Page
08:12:59.407 [main] INFO  resources.base - User has clicked on the request tab on the users page
08:12:59.467 [main] INFO  resources.base - After clicking on request tab, the request tab becomes active
08:13:01.801 [main] INFO  resources.base - User has clicked on the Invites tab on the users page
08:13:01.820 [main] INFO  resources.base - After clicking on Invites tab, the Invites tab becomes active
08:13:03.996 [main] INFO  resources.base - User has clicked on the Account menu from the Shop Page
08:13:06.773 [main] INFO  resources.base - User has clicked on the Logout Page from the Account Menu
08:13:07.188 [main] INFO  resources.base - User has clicked on the Forget Password Link from the Login Page
08:13:12.279 [main] INFO  resources.base - Email textbox is present on the Forget password page
08:13:16.046 [main] INFO  resources.base - User has clicked on the submit button on the forget password Page
08:13:16.070 [main] INFO  resources.base - Once the User click on Submit button then the validation message is appearing
08:13:33.400 [main] INFO  resources.base - User Clicked on Create Account Link from the Login Page
08:13:33.400 [main] INFO  resources.base - Signup Page is opended and its title is being captured
08:13:33.440 [main] INFO  resources.base - Email Text Box is present on the Signup Page
08:13:33.711 [main] INFO  resources.base - Verify button is present on the Signup Page and user has clicked on it
08:13:33.737 [main] INFO  resources.base - Once the User pressed the Verify button , Validation message is appearing on the Signup Page
09:52:40.438 [main] INFO  resources.base - The title of the home page is captured
09:52:40.438 [main] INFO  resources.base - The title of the Shop page is Verified Successfully
09:52:43.677 [main] INFO  resources.base - From the Home Page User has Clicked on MarkITPlace tab
09:52:43.677 [main] INFO  resources.base - User has routed to the Shop Page after clicking on MarketPlace link
09:52:51.532 [main] INFO  resources.base - User has Clicked on the Manage tab from the Home Dashboard
09:52:51.532 [main] INFO  resources.base - user has routed to the Manage Page after clicking on the manage Tab
09:52:51.532 [main] INFO  resources.base - User has Successfully nevigated to the manage Page
09:52:51.605 [main] INFO  resources.base - Billing & invoice link is present on the Manage Page
09:52:51.621 [main] INFO  resources.base - Calendar link is present on the Manage Page
09:52:51.639 [main] INFO  resources.base - Subscription link is present on the Manage Page
09:52:55.439 [main] INFO  resources.base - User has clicked on the Insight tab from the Home Page
09:52:55.439 [main] INFO  resources.base - After clicking on the Insight Tab from the Home page , User have successfully nevigate to the Insight Page
09:52:55.486 [main] INFO  resources.base - Dashboard Link is present on the Insight Page
09:52:55.509 [main] INFO  resources.base - Report Link is present on the Insight Page
09:53:12.196 [main] INFO  resources.base - User has clicked on the notification link from the Home Page
09:53:12.196 [main] INFO  resources.base - User has routed to the Notification page after clicking on the notification link
09:53:12.252 [main] INFO  resources.base - Notification heading is present on the Notifications page
09:53:12.274 [main] INFO  resources.base - All Notification tab is present on the Notifications page
09:53:12.298 [main] INFO  resources.base - Flagged tab is present on the Notifications page
09:53:18.365 [main] INFO  resources.base - User has clicked on the Logo from the Notification Page
09:53:18.368 [main] INFO  resources.base - After clicking on logo, user has roue to the Homepage
09:53:20.564 [main] INFO  resources.base - User has clicked on the Account menu from the Shop Page
09:53:52.445 [main] INFO  resources.base - User has clicked on the My Profile Page from the Account Menu
09:53:52.672 [main] INFO  resources.base - My Profile heading is present on My Profile Page
09:55:23.944 [main] INFO  resources.base - User has clicked on the Edit Profile button on My Profile Page
09:55:24.091 [main] INFO  resources.base - Edit profile heading is present on the Edit profile page
09:55:26.251 [main] INFO  resources.base - User has clicked on the Account menu from the Shop Page
09:55:43.065 [main] INFO  resources.base - User has clicked on the Change Password Link from the Account Menu
09:55:43.140 [main] INFO  resources.base - Change password heading is present on Change Password Page
09:55:55.511 [main] INFO  resources.base - User has clicked on the Catalog Restrictions link from the left navigation menu
09:55:55.633 [main] INFO  resources.base - Catalog Restrictions heading is present on Catalog Page
09:56:11.045 [main] INFO  resources.base - User has clicked on the Domain link from the left navigation menu
09:56:11.091 [main] INFO  resources.base - Manage Domains heading is present on Domain Page
09:56:13.272 [main] INFO  resources.base - User has clicked on the Account menu from the Shop Page
09:57:04.213 [main] INFO  resources.base - User has clicked on the Address of Use Link from the Account Menu
09:57:09.299 [main] INFO  resources.base - Address of Use heading is present on the Address Page
09:57:14.451 [main] INFO  resources.base - User has clicked on the Account menu from the Shop Page
09:57:31.364 [main] INFO  resources.base - User has clicked on the users Link from the Account Menu
09:57:36.505 [main] INFO  resources.base - Tabs are appearing on the Users Page
09:57:39.641 [main] INFO  resources.base - User has clicked on the request tab on the users page
09:57:39.670 [main] INFO  resources.base - After clicking on request tab, the request tab becomes active
09:57:41.981 [main] INFO  resources.base - User has clicked on the Invites tab on the users page
09:57:42.025 [main] INFO  resources.base - After clicking on Invites tab, the Invites tab becomes active
09:57:44.211 [main] INFO  resources.base - User has clicked on the Account menu from the Shop Page
09:57:47.158 [main] INFO  resources.base - User has clicked on the Logout Page from the Account Menu
09:57:47.760 [main] INFO  resources.base - User has clicked on the Forget Password Link from the Login Page
09:57:52.995 [main] INFO  resources.base - Email textbox is present on the Forget password page
09:57:56.715 [main] INFO  resources.base - User has clicked on the submit button on the forget password Page
09:57:56.742 [main] INFO  resources.base - Once the User click on Submit button then the validation message is appearing
09:58:12.943 [main] INFO  resources.base - User Clicked on Create Account Link from the Login Page
09:58:12.943 [main] INFO  resources.base - Signup Page is opended and its title is being captured
09:58:12.983 [main] INFO  resources.base - Email Text Box is present on the Signup Page
09:58:13.289 [main] INFO  resources.base - Verify button is present on the Signup Page and user has clicked on it
09:58:13.309 [main] INFO  resources.base - Once the User pressed the Verify button , Validation message is appearing on the Signup Page
